-----------------
CREATE TABLE `field_data_field_audio_files_comp` (
  `entity_type` varchar(128) NOT NULL DEFAULT '' COMMENT 'The entity type this data is attached to',
  `bundle` varchar(128) NOT NULL DEFAULT '' COMMENT 'The field instance bundle to which this row belongs, used when deleting a field instance',
  `deleted` tinyint(4) NOT NULL DEFAULT '0' COMMENT 'A boolean indicating whether this data item has been deleted',
  `entity_id` int(10) unsigned NOT NULL COMMENT 'The entity id this data is attached to',
  `revision_id` int(10) unsigned DEFAULT NULL COMMENT 'The entity revision id this data is attached to, or NULL if the entity type is not versioned',
  `language` varchar(32) NOT NULL DEFAULT '' COMMENT 'The language for this data item.',
  `delta` int(10) unsigned NOT NULL COMMENT 'The sequence number for this data item, used for multi-value fields'
-----------------
CREATE TABLE `actions` (
  `aid` varchar(255) NOT NULL DEFAULT '0' COMMENT 'Primary Key: Unique actions ID.',
  `type` varchar(32) NOT NULL DEFAULT '' COMMENT 'The object that that action acts on (node, user, comment, system or custom types.)',
  `callback` varchar(255) NOT NULL DEFAULT '' COMMENT 'The callback function that executes when the action runs.',
  `parameters` longblob NOT NULL COMMENT 'Parameters to be passed to the callback function.',
  `label` varchar(255) NOT NULL DEFAULT '0' COMMENT 'Label of the action.',
  PRIMARY KEY (`aid`)
) ENGINE=InnoDB DEFAULT CHARSET=utf8 COMMENT='Stores action information.'
-----------------
CREATE TABLE `actions` (
  `aid` varchar(255) NOT NULL DEFAULT '0' COMMENT 'Primary Key: Unique actions ID.',
  `type` varchar(32) NOT NULL DEFAULT '' COMMENT 'The object that that action acts on (node, user, comment, system or custom types.)',
  `callback` varchar(255) NOT NULL DEFAULT '' COMMENT 'The callback function that executes when the action runs.',
  `parameters` longblob NOT NULL COMMENT 'Parameters to be passed to the callback function.',
  `label` varchar(255) NOT NULL DEFAULT '0' COMMENT 'Label of the action.',
  PRIMARY KEY (`aid`)
) ENGINE=InnoDB DEFAULT CHARSET=utf8 COMMENT='Stores action information.'
-----------------
CREATE TABLE `actions` (
  `aid` varchar(255) NOT NULL DEFAULT '0' COMMENT 'Primary Key: Unique actions ID.',
  `type` varchar(32) NOT NULL DEFAULT '' COMMENT 'The object that that action acts on (node, user, comment, system or custom types.)',
  `callback` varchar(255) NOT NULL DEFAULT '' COMMENT 'The callback function that executes when the action runs.',
  `parameters` longblob NOT NULL COMMENT 'Parameters to be passed to the callback function.',
  `label` varchar(255) NOT NULL DEFAULT '0' COMMENT 'Label of the action.',
  PRIMARY KEY (`aid`)
) ENGINE=InnoDB DEFAULT CHARSET=utf8 COMMENT='Stores action information.'
-----------------
CREATE TABLE `actions` (
  `aid` varchar(255) NOT NULL DEFAULT '0' COMMENT 'Primary Key: Unique actions ID.',
  `type` varchar(32) NOT NULL DEFAULT '' COMMENT 'The object that that action acts on (node, user, comment, system or custom types.)',
  `callback` varchar(255) NOT NULL DEFAULT '' COMMENT 'The callback function that executes when the action runs.',
  `parameters` longblob NOT NULL COMMENT 'Parameters to be passed to the callback function.',
  `label` varchar(255) NOT NULL DEFAULT '0' COMMENT 'Label of the action.',
  PRIMARY KEY (`aid`)
) ENGINE=InnoDB DEFAULT CHARSET=utf8 COMMENT='Stores action information.'
-----------------
CREATE TABLE `field_data_field_audio_files_comp` (
  `entity_type` varchar(128) NOT NULL DEFAULT '' COMMENT 'The entity type this data is attached to',
  `bundle` varchar(128) NOT NULL DEFAULT '' COMMENT 'The field instance bundle to which this row belongs, used when deleting a field instance',
  `deleted` tinyint(4) NOT NULL DEFAULT '0' COMMENT 'A boolean indicating whether this data item has been deleted',
  `entity_id` int(10) unsigned NOT NULL COMMENT 'The entity id this data is attached to',
  `revision_id` int(10) unsigned DEFAULT NULL COMMENT 'The entity revision id this data is attached to, or NULL if the entity type is not versioned',
  `language` varchar(32) NOT NULL DEFAULT '' COMMENT 'The language for this data item.',
  `delta` int(10) unsigned NOT NULL COMMENT 'The sequence number for this data item, used for multi-value fields'
-----------------
CREATE TABLE `field_data_field_audio_files_comp` (
  `entity_type` varchar(128) NOT NULL DEFAULT '' COMMENT 'The entity type this data is attached to',
  `bundle` varchar(128) NOT NULL DEFAULT '' COMMENT 'The field instance bundle to which this row belongs, used when deleting a field instance',
  `deleted` tinyint(4) NOT NULL DEFAULT '0' COMMENT 'A boolean indicating whether this data item has been deleted',
  `entity_id` int(10) unsigned NOT NULL COMMENT 'The entity id this data is attached to',
  `revision_id` int(10) unsigned DEFAULT NULL COMMENT 'The entity revision id this data is attached to, or NULL if the entity type is not versioned',
  `language` varchar(32) NOT NULL DEFAULT '' COMMENT 'The language for this data item.',
  `delta` int(10) unsigned NOT NULL COMMENT 'The sequence number for this data item, used for multi-value fields'
-----------------
CREATE TABLE `cache_page` (
  `cid` varchar(255) NOT NULL DEFAULT '' COMMENT 'Primary Key: Unique cache ID.',
  `data` longblob COMMENT 'A collection of data to cache.',
  `expire` int(11) NOT NULL DEFAULT '0' COMMENT 'A Unix timestamp indicating when the cache entry should expire, or 0 for never.'
-----------------
CREATE TABLE `cache_page` (
  `cid` varchar(255) NOT NULL DEFAULT '' COMMENT 'Primary Key: Unique cache ID.',
  `data` longblob COMMENT 'A collection of data to cache.',
  `expire` int(11) NOT NULL DEFAULT '0' COMMENT 'A Unix timestamp indicating when the cache entry should expire, or 0 for never.'
-----------------
CREATE TABLE `field_data_field_audio_files_comp` (
  `entity_type` varchar(128) NOT NULL DEFAULT '' COMMENT 'The entity type this data is attached to',
  `bundle` varchar(128) NOT NULL DEFAULT '' COMMENT 'The field instance bundle to which this row belongs, used when deleting a field instance',
  `deleted` tinyint(4) NOT NULL DEFAULT '0' COMMENT 'A boolean indicating whether this data item has been deleted',
  `entity_id` int(10) unsigned NOT NULL COMMENT 'The entity id this data is attached to',
  `revision_id` int(10) unsigned DEFAULT NULL COMMENT 'The entity revision id this data is attached to, or NULL if the entity type is not versioned',
  `language` varchar(32) NOT NULL DEFAULT '' COMMENT 'The language for this data item.',
  `delta` int(10) unsigned NOT NULL COMMENT 'The sequence number for this data item, used for multi-value fields'
